2021-06-18 00:06:10 [INFO] Blacklist is empty. No entries removed.
2021-06-18 00:06:10 [INFO] Saving GenBank flat file for accession `MW528200`.
2021-06-18 00:06:12 [INFO] Writing sequence as FASTA for accession `MW528200`.
2021-06-18 00:06:12 [INFO] Saving GenBank flat file for accession `NC_005087`.
2021-06-18 00:06:15 [INFO] Writing sequence as FASTA for accession `NC_005087`.
2021-06-18 00:06:16 [INFO] Saving GenBank flat file for accession `MN264338`.
2021-06-18 00:06:17 [INFO] Writing sequence as FASTA for accession `MN264338`.
2021-06-18 00:06:18 [INFO] Saving GenBank flat file for accession `NC_035617`.
2021-06-18 00:06:20 [INFO] Writing sequence as FASTA for accession `NC_035617`.
2021-06-18 00:06:20 [WARNING] Error while extracting IRs for accession `NC_035617`: `Record does not contain any features which the IR are typically marked with (i.e., feature `repeat_region`, `misc_feature`).`. Skipping further processing of this accession.
2021-06-18 00:06:20 [INFO] Saving GenBank flat file for accession `NC_042174`.
2021-06-18 00:06:21 [INFO] Writing sequence as FASTA for accession `NC_042174`.
2021-06-18 00:06:22 [INFO] Saving GenBank flat file for accession `NC_050394`.
2021-06-18 00:06:24 [INFO] Writing sequence as FASTA for accession `NC_050394`.
2021-06-18 00:06:24 [INFO] Saving GenBank flat file for accession `NC_019628`.
2021-06-18 00:06:26 [INFO] Writing sequence as FASTA for accession `NC_019628`.
2021-06-18 00:06:26 [INFO] Saving GenBank flat file for accession `NC_039590`.
2021-06-18 00:06:28 [INFO] Writing sequence as FASTA for accession `NC_039590`.
2021-06-18 00:06:29 [INFO] Saving GenBank flat file for accession `NC_043783`.
2021-06-18 00:06:31 [INFO] Writing sequence as FASTA for accession `NC_043783`.
2021-06-18 00:06:31 [WARNING] Error while extracting IRs for accession `NC_043783`: `Record does not contain any features which the IR are typically marked with (i.e., feature `repeat_region`, `misc_feature`).`. Skipping further processing of this accession.
2021-06-18 00:06:31 [INFO] Saving GenBank flat file for accession `MW355440`.
2021-06-18 00:06:33 [INFO] Writing sequence as FASTA for accession `MW355440`.
2021-06-18 00:06:33 [WARNING] Error while extracting IRs for accession `MW355440`: `Record does not contain any features which the single-copy regions are typically marked with (i.e., feature `misc_feature`).`. Skipping further processing of this accession.
2021-06-18 00:06:33 [INFO] Saving GenBank flat file for accession `NC_043777`.
2021-06-18 00:06:35 [INFO] Writing sequence as FASTA for accession `NC_043777`.
2021-06-18 00:06:35 [WARNING] Error while extracting IRs for accession `NC_043777`: `Record does not contain any features which the IR are typically marked with (i.e., feature `repeat_region`, `misc_feature`).`. Skipping further processing of this accession.
2021-06-18 00:06:35 [INFO] Saving GenBank flat file for accession `NC_049072`.
2021-06-18 00:06:37 [INFO] Writing sequence as FASTA for accession `NC_049072`.
2021-06-18 00:06:37 [INFO] Saving GenBank flat file for accession `MG132071`.
2021-06-18 00:06:39 [INFO] Writing sequence as FASTA for accession `MG132071`.
2021-06-18 00:06:39 [INFO] Saving GenBank flat file for accession `NC_050974`.
2021-06-18 00:06:41 [INFO] Writing sequence as FASTA for accession `NC_050974`.
2021-06-18 00:06:41 [WARNING] Error while extracting IRs for accession `NC_050974`: `Record does not contain any features which the IR are typically marked with (i.e., feature `repeat_region`, `misc_feature`).`. Skipping further processing of this accession.
2021-06-18 00:06:41 [INFO] Saving GenBank flat file for accession `MW528408`.
2021-06-18 00:06:43 [INFO] Writing sequence as FASTA for accession `MW528408`.
2021-06-18 00:06:43 [INFO] Saving GenBank flat file for accession `KY702721`.
2021-06-18 00:06:45 [INFO] Writing sequence as FASTA for accession `KY702721`.
2021-06-18 00:06:45 [WARNING] Error while extracting IRs for accession `KY702721`: `Record does not contain any features which the IR are typically marked with (i.e., feature `repeat_region`, `misc_feature`).`. Skipping further processing of this accession.
2021-06-18 00:06:45 [INFO] Saving GenBank flat file for accession `NC_043784`.
2021-06-18 00:06:47 [INFO] Writing sequence as FASTA for accession `NC_043784`.
2021-06-18 00:06:47 [WARNING] Error while extracting IRs for accession `NC_043784`: `Record does not contain any features which the IR are typically marked with (i.e., feature `repeat_region`, `misc_feature`).`. Skipping further processing of this accession.
2021-06-18 00:06:47 [INFO] Saving GenBank flat file for accession `NC_054293`.
2021-06-18 00:06:49 [INFO] Writing sequence as FASTA for accession `NC_054293`.
2021-06-18 00:06:49 [WARNING] Error while extracting IRs for accession `NC_054293`: `Record does not contain any features which the IR are typically marked with (i.e., feature `repeat_region`, `misc_feature`).`. Skipping further processing of this accession.
2021-06-18 00:06:49 [INFO] Saving GenBank flat file for accession `NC_045869`.
2021-06-18 00:06:51 [INFO] Writing sequence as FASTA for accession `NC_045869`.
2021-06-18 00:06:51 [WARNING] Error while extracting IRs for accession `NC_045869`: `Record does not contain any features which the IR are typically marked with (i.e., feature `repeat_region`, `misc_feature`).`. Skipping further processing of this accession.
2021-06-18 00:06:51 [INFO] Saving GenBank flat file for accession `NC_012052`.
2021-06-18 00:06:53 [INFO] Writing sequence as FASTA for accession `NC_012052`.
2021-06-18 00:06:53 [WARNING] Error while extracting IRs for accession `NC_012052`: `Record does not contain any features which the IR are typically marked with (i.e., feature `repeat_region`, `misc_feature`).`. Skipping further processing of this accession.
2021-06-18 00:06:53 [INFO] Saving GenBank flat file for accession `MK131349`.
2021-06-18 00:06:55 [INFO] Writing sequence as FASTA for accession `MK131349`.
2021-06-18 00:06:55 [WARNING] Error while extracting IRs for accession `MK131349`: `Record does not contain any features which the IR are typically marked with (i.e., feature `repeat_region`, `misc_feature`).`. Skipping further processing of this accession.
2021-06-18 00:06:55 [INFO] Saving GenBank flat file for accession `NC_049001`.
2021-06-18 00:06:57 [INFO] Writing sequence as FASTA for accession `NC_049001`.
2021-06-18 00:06:57 [WARNING] Error while extracting IRs for accession `NC_049001`: `Record does not contain the information necessary to infer the position of either the IR or the single-copy regions.`. Skipping further processing of this accession.
2021-06-18 00:06:57 [INFO] Saving GenBank flat file for accession `NC_043778`.
2021-06-18 00:06:59 [INFO] Writing sequence as FASTA for accession `NC_043778`.
2021-06-18 00:06:59 [WARNING] Error while extracting IRs for accession `NC_043778`: `Record does not contain any features which the IR are typically marked with (i.e., feature `repeat_region`, `misc_feature`).`. Skipping further processing of this accession.
2021-06-18 00:06:59 [INFO] Saving GenBank flat file for accession `NC_053275`.
2021-06-18 00:07:01 [INFO] Writing sequence as FASTA for accession `NC_053275`.
2021-06-18 00:07:01 [WARNING] Error while extracting IRs for accession `NC_053275`: `Record does not contain any features which the IR are typically marked with (i.e., feature `repeat_region`, `misc_feature`).`. Skipping further processing of this accession.
2021-06-18 00:07:01 [INFO] Saving GenBank flat file for accession `NC_004543`.
2021-06-18 00:07:03 [INFO] Writing sequence as FASTA for accession `NC_004543`.
2021-06-18 00:07:04 [INFO] Saving GenBank flat file for accession `NC_049073`.
2021-06-18 00:07:06 [INFO] Writing sequence as FASTA for accession `NC_049073`.
2021-06-18 00:07:06 [INFO] Saving GenBank flat file for accession `NC_050047`.
2021-06-18 00:07:08 [INFO] Writing sequence as FASTA for accession `NC_050047`.
2021-06-18 00:07:08 [WARNING] Error while extracting IRs for accession `NC_050047`: `Record does not contain any features which the IR are typically marked with (i.e., feature `repeat_region`, `misc_feature`).`. Skipping further processing of this accession.
2021-06-18 00:07:08 [INFO] Saving GenBank flat file for accession `NC_051864`.
2021-06-18 00:07:11 [INFO] Writing sequence as FASTA for accession `NC_051864`.
2021-06-18 00:07:11 [WARNING] Error while extracting IRs for accession `NC_051864`: `Record does not contain any features which the IR are typically marked with (i.e., feature `repeat_region`, `misc_feature`).`. Skipping further processing of this accession.
2021-06-18 00:07:11 [INFO] Saving GenBank flat file for accession `NC_026212`.
2021-06-18 00:07:13 [INFO] Writing sequence as FASTA for accession `NC_026212`.
2021-06-18 00:07:13 [WARNING] Error while extracting IRs for accession `NC_026212`: `Record does not contain any features which the IR are typically marked with (i.e., feature `repeat_region`, `misc_feature`).`. Skipping further processing of this accession.
2021-06-18 00:07:13 [INFO] Saving GenBank flat file for accession `MW561627`.
2021-06-18 00:07:15 [INFO] Writing sequence as FASTA for accession `MW561627`.
2021-06-18 00:07:15 [INFO] Saving GenBank flat file for accession `NC_040133`.
2021-06-18 00:07:17 [INFO] Writing sequence as FASTA for accession `NC_040133`.
2021-06-18 00:07:17 [WARNING] Error while extracting IRs for accession `NC_040133`: `Record does not contain the information necessary to infer the position of either the IR or the single-copy regions.`. Skipping further processing of this accession.
2021-06-18 00:07:17 [INFO] Saving GenBank flat file for accession `NC_051002`.
2021-06-18 00:07:19 [INFO] Writing sequence as FASTA for accession `NC_051002`.
2021-06-18 00:07:20 [INFO] Saving GenBank flat file for accession `MW147233`.
2021-06-18 00:07:21 [INFO] Writing sequence as FASTA for accession `MW147233`.
2021-06-18 00:07:21 [WARNING] Error while extracting IRs for accession `MW147233`: `Record does not contain any features which the IR are typically marked with (i.e., feature `repeat_region`, `misc_feature`).`. Skipping further processing of this accession.
2021-06-18 00:07:22 [INFO] Saving GenBank flat file for accession `NC_043786`.
2021-06-18 00:07:25 [INFO] Writing sequence as FASTA for accession `NC_043786`.
2021-06-18 00:07:25 [WARNING] Error while extracting IRs for accession `NC_043786`: `Record does not contain any features which the IR are typically marked with (i.e., feature `repeat_region`, `misc_feature`).`. Skipping further processing of this accession.
2021-06-18 00:07:25 [INFO] Saving GenBank flat file for accession `NC_043779`.
2021-06-18 00:07:27 [INFO] Writing sequence as FASTA for accession `NC_043779`.
2021-06-18 00:07:27 [WARNING] Error while extracting IRs for accession `NC_043779`: `Record does not contain any features which the IR are typically marked with (i.e., feature `repeat_region`, `misc_feature`).`. Skipping further processing of this accession.
2021-06-18 00:07:27 [INFO] Saving GenBank flat file for accession `MK952779`.
2021-06-18 00:07:29 [INFO] Writing sequence as FASTA for accession `MK952779`.
2021-06-18 00:07:29 [INFO] Saving GenBank flat file for accession `NC_049002`.
2021-06-18 00:07:31 [INFO] Writing sequence as FASTA for accession `NC_049002`.
2021-06-18 00:07:31 [WARNING] Error while extracting IRs for accession `NC_049002`: `Record does not contain the information necessary to infer the position of either the IR or the single-copy regions.`. Skipping further processing of this accession.
2021-06-18 00:07:31 [INFO] Saving GenBank flat file for accession `NC_025668`.
2021-06-18 00:07:33 [INFO] Writing sequence as FASTA for accession `NC_025668`.
2021-06-18 00:07:33 [WARNING] Error while extracting IRs for accession `NC_025668`: `Record does not contain any features which the IR are typically marked with (i.e., feature `repeat_region`, `misc_feature`).`. Skipping further processing of this accession.
2021-06-18 00:07:33 [INFO] Saving GenBank flat file for accession `NC_049074`.
2021-06-18 00:07:35 [INFO] Writing sequence as FASTA for accession `NC_049074`.
2021-06-18 00:07:36 [INFO] Saving GenBank flat file for accession `NC_030198`.
2021-06-18 00:07:37 [INFO] Writing sequence as FASTA for accession `NC_030198`.
2021-06-18 00:07:38 [INFO] Saving GenBank flat file for accession `NC_050352`.
2021-06-18 00:07:40 [INFO] Writing sequence as FASTA for accession `NC_050352`.
2021-06-18 00:07:41 [INFO] Saving GenBank flat file for accession `NC_037465`.
2021-06-18 00:07:43 [INFO] Writing sequence as FASTA for accession `NC_037465`.
2021-06-18 00:07:43 [INFO] Saving GenBank flat file for accession `NC_024291`.
2021-06-18 00:07:45 [INFO] Writing sequence as FASTA for accession `NC_024291`.
2021-06-18 00:07:45 [INFO] Saving GenBank flat file for accession `MG762001`.
2021-06-18 00:07:47 [INFO] Writing sequence as FASTA for accession `MG762001`.
2021-06-18 00:07:48 [INFO] Saving GenBank flat file for accession `NC_042418`.
2021-06-18 00:07:50 [INFO] Writing sequence as FASTA for accession `NC_042418`.
2021-06-18 00:07:50 [INFO] Saving GenBank flat file for accession `NC_010359`.
2021-06-18 00:07:52 [INFO] Writing sequence as FASTA for accession `NC_010359`.
2021-06-18 00:07:52 [WARNING] Error while extracting IRs for accession `NC_010359`: `Record does not contain any features which the IR are typically marked with (i.e., feature `repeat_region`, `misc_feature`).`. Skipping further processing of this accession.
2021-06-18 00:07:52 [INFO] Saving GenBank flat file for accession `NC_046056`.
2021-06-18 00:07:54 [INFO] Writing sequence as FASTA for accession `NC_046056`.
2021-06-18 00:07:54 [WARNING] Error while extracting IRs for accession `NC_046056`: `Record does not contain any features which the IR are typically marked with (i.e., feature `repeat_region`, `misc_feature`).`. Skipping further processing of this accession.
2021-06-18 00:07:54 [INFO] Saving GenBank flat file for accession `LC516510`.
2021-06-18 00:07:55 [INFO] Writing sequence as FASTA for accession `LC516510`.
2021-06-18 00:07:55 [WARNING] Error while extracting IRs for accession `LC516510`: `Record does not contain any features which the IR are typically marked with (i.e., feature `repeat_region`, `misc_feature`).`. Skipping further processing of this accession.
2021-06-18 00:07:56 [INFO] Saving GenBank flat file for accession `NC_015402`.
2021-06-18 00:07:57 [INFO] Writing sequence as FASTA for accession `NC_015402`.
2021-06-18 00:07:57 [WARNING] Error while extracting IRs for accession `NC_015402`: `Record does not contain any features which the IR are typically marked with (i.e., feature `repeat_region`, `misc_feature`).`. Skipping further processing of this accession.
2021-06-18 00:07:58 [INFO] Saving GenBank flat file for accession `NC_026979`.
2021-06-18 00:07:59 [INFO] Writing sequence as FASTA for accession `NC_026979`.
2021-06-18 00:07:59 [WARNING] Error while extracting IRs for accession `NC_026979`: `Record does not contain any features which the IR are typically marked with (i.e., feature `repeat_region`, `misc_feature`).`. Skipping further processing of this accession.
2021-06-18 00:07:59 [INFO] Saving GenBank flat file for accession `NC_051003`.
2021-06-18 00:08:01 [INFO] Writing sequence as FASTA for accession `NC_051003`.
2021-06-18 00:08:02 [INFO] Saving GenBank flat file for accession `NC_043787`.
2021-06-18 00:08:03 [INFO] Writing sequence as FASTA for accession `NC_043787`.
2021-06-18 00:08:03 [WARNING] Error while extracting IRs for accession `NC_043787`: `Record does not contain any features which the IR are typically marked with (i.e., feature `repeat_region`, `misc_feature`).`. Skipping further processing of this accession.
2021-06-18 00:08:03 [INFO] Saving GenBank flat file for accession `NC_052723`.
2021-06-18 00:08:05 [INFO] Writing sequence as FASTA for accession `NC_052723`.
2021-06-18 00:08:05 [WARNING] Error while extracting IRs for accession `NC_052723`: `Record does not contain any features which the IR are typically marked with (i.e., feature `repeat_region`, `misc_feature`).`. Skipping further processing of this accession.
2021-06-18 00:08:05 [INFO] Saving GenBank flat file for accession `NC_043780`.
2021-06-18 00:08:08 [INFO] Writing sequence as FASTA for accession `NC_043780`.
2021-06-18 00:08:08 [WARNING] Error while extracting IRs for accession `NC_043780`: `Record does not contain any features which the IR are typically marked with (i.e., feature `repeat_region`, `misc_feature`).`. Skipping further processing of this accession.
2021-06-18 00:08:08 [INFO] Saving GenBank flat file for accession `NC_043785`.
2021-06-18 00:08:10 [INFO] Writing sequence as FASTA for accession `NC_043785`.
2021-06-18 00:08:10 [WARNING] Error while extracting IRs for accession `NC_043785`: `Record does not contain any features which the IR are typically marked with (i.e., feature `repeat_region`, `misc_feature`).`. Skipping further processing of this accession.
2021-06-18 00:08:10 [INFO] Saving GenBank flat file for accession `NC_049075`.
2021-06-18 00:08:12 [INFO] Writing sequence as FASTA for accession `NC_049075`.
2021-06-18 00:08:12 [INFO] Saving GenBank flat file for accession `NC_042887`.
2021-06-18 00:08:14 [INFO] Writing sequence as FASTA for accession `NC_042887`.
2021-06-18 00:08:14 [INFO] Saving GenBank flat file for accession `NC_049069`.
2021-06-18 00:08:16 [INFO] Writing sequence as FASTA for accession `NC_049069`.
2021-06-18 00:08:16 [INFO] Saving GenBank flat file for accession `NC_053890`.
2021-06-18 00:08:18 [INFO] Writing sequence as FASTA for accession `NC_053890`.
2021-06-18 00:08:19 [INFO] Saving GenBank flat file for accession `NC_046057`.
2021-06-18 00:08:20 [INFO] Writing sequence as FASTA for accession `NC_046057`.
2021-06-18 00:08:20 [WARNING] Error while extracting IRs for accession `NC_046057`: `Record does not contain any features which the IR are typically marked with (i.e., feature `repeat_region`, `misc_feature`).`. Skipping further processing of this accession.
2021-06-18 00:08:21 [INFO] Saving GenBank flat file for accession `NC_044155`.
2021-06-18 00:08:22 [INFO] Writing sequence as FASTA for accession `NC_044155`.
2021-06-18 00:08:23 [INFO] Saving GenBank flat file for accession `NC_042505`.
2021-06-18 00:08:25 [INFO] Writing sequence as FASTA for accession `NC_042505`.
2021-06-18 00:08:25 [INFO] Saving GenBank flat file for accession `NC_043788`.
2021-06-18 00:08:27 [INFO] Writing sequence as FASTA for accession `NC_043788`.
2021-06-18 00:08:27 [WARNING] Error while extracting IRs for accession `NC_043788`: `Record does not contain any features which the IR are typically marked with (i.e., feature `repeat_region`, `misc_feature`).`. Skipping further processing of this accession.
2021-06-18 00:08:27 [INFO] Saving GenBank flat file for accession `NC_042479`.
2021-06-18 00:08:29 [INFO] Writing sequence as FASTA for accession `NC_042479`.
2021-06-18 00:08:29 [INFO] Saving GenBank flat file for accession `NC_043781`.
2021-06-18 00:08:31 [INFO] Writing sequence as FASTA for accession `NC_043781`.
2021-06-18 00:08:31 [WARNING] Error while extracting IRs for accession `NC_043781`: `Record does not contain any features which the IR are typically marked with (i.e., feature `repeat_region`, `misc_feature`).`. Skipping further processing of this accession.
2021-06-18 00:08:31 [INFO] Saving GenBank flat file for accession `NC_049076`.
2021-06-18 00:08:33 [INFO] Writing sequence as FASTA for accession `NC_049076`.
2021-06-18 00:08:34 [INFO] Saving GenBank flat file for accession `NC_049070`.
2021-06-18 00:08:35 [INFO] Writing sequence as FASTA for accession `NC_049070`.
2021-06-18 00:08:36 [INFO] Saving GenBank flat file for accession `LC035012`.
2021-06-18 00:08:38 [INFO] Writing sequence as FASTA for accession `LC035012`.
2021-06-18 00:08:38 [INFO] Saving GenBank flat file for accession `MK202952`.
2021-06-18 00:08:40 [INFO] Writing sequence as FASTA for accession `MK202952`.
2021-06-18 00:08:41 [INFO] Saving GenBank flat file for accession `NC_043789`.
2021-06-18 00:08:43 [INFO] Writing sequence as FASTA for accession `NC_043789`.
2021-06-18 00:08:43 [WARNING] Error while extracting IRs for accession `NC_043789`: `Record does not contain any features which the IR are typically marked with (i.e., feature `repeat_region`, `misc_feature`).`. Skipping further processing of this accession.
2021-06-18 00:08:43 [INFO] Saving GenBank flat file for accession `NC_042480`.
2021-06-18 00:08:45 [INFO] Writing sequence as FASTA for accession `NC_042480`.
2021-06-18 00:08:45 [INFO] Saving GenBank flat file for accession `NC_039750`.
2021-06-18 00:08:47 [INFO] Writing sequence as FASTA for accession `NC_039750`.
2021-06-18 00:08:47 [INFO] Saving GenBank flat file for accession `NC_043782`.
2021-06-18 00:08:49 [INFO] Writing sequence as FASTA for accession `NC_043782`.
2021-06-18 00:08:49 [WARNING] Error while extracting IRs for accession `NC_043782`: `Record does not contain any features which the IR are typically marked with (i.e., feature `repeat_region`, `misc_feature`).`. Skipping further processing of this accession.
2021-06-18 00:08:49 [INFO] Saving GenBank flat file for accession `MK087646`.
2021-06-18 00:08:51 [INFO] Writing sequence as FASTA for accession `MK087646`.
2021-06-18 00:08:52 [INFO] Saving GenBank flat file for accession `NC_037507`.
2021-06-18 00:08:54 [INFO] Writing sequence as FASTA for accession `NC_037507`.
2021-06-18 00:08:54 [INFO] Saving GenBank flat file for accession `NC_049071`.
2021-06-18 00:08:56 [INFO] Writing sequence as FASTA for accession `NC_049071`.
